<?xml version="1.0" encoding="UTF-8"?>
<!-- Generated by org.testng.reporters.JUnitReportReporter -->
<testsuite skipped="0" hostname="PG014UCR" name="getRequestValidation.TC_012_TestBodyResponseLamdaExp" tests="1" failures="0" timestamp="14 Jul 2018 12:47:01 GMT" time="2.772" errors="0">
  <testcase name="testBodyParametersInResponse" time="2.772" classname="getRequestValidation.TC_012_TestBodyResponseLamdaExp"/>
</testsuite> <!-- getRequestValidation.TC_012_TestBodyResponseLamdaExp -->
