<?xml version="1.0" encoding="UTF-8"?>
<!-- Generated by org.testng.reporters.JUnitReportReporter -->
<testsuite skipped="0" hostname="PG014UCR" name="getRequestValidation.TC_011_GetRequestVerification" tests="1" failures="0" timestamp="13 Jul 2018 15:01:59 GMT" time="3.564" errors="0">
  <testcase name="testHeadersInResponse" time="3.564" classname="getRequestValidation.TC_011_GetRequestVerification"/>
</testsuite> <!-- getRequestValidation.TC_011_GetRequestVerification -->
