<?xml version="1.0" encoding="UTF-8"?>
<!-- Generated by org.testng.reporters.JUnitReportReporter -->
<testsuite skipped="0" hostname="PG014UCR" name="getRequestValidation.TC_008_GetHeaderAndCookies" tests="1" failures="0" timestamp="10 Jul 2018 15:00:05 GMT" time="2.624" errors="0">
  <testcase name="testDetailCookies" time="2.624" classname="getRequestValidation.TC_008_GetHeaderAndCookies"/>
</testsuite> <!-- getRequestValidation.TC_008_GetHeaderAndCookies -->
