<?xml version="1.0" encoding="UTF-8"?>
<!-- Generated by org.testng.reporters.JUnitReportReporter -->
<testsuite skipped="0" hostname="PG014UCR" name="getRequestValidation.TC_010_SetPathParameters" tests="1" failures="0" timestamp="13 Jul 2018 11:35:13 GMT" time="1.871" errors="0">
  <testcase name="testSetPathParameters2" time="1.871" classname="getRequestValidation.TC_010_SetPathParameters"/>
</testsuite> <!-- getRequestValidation.TC_010_SetPathParameters -->
