<?xml version="1.0" encoding="UTF-8"?>
<!-- Generated by org.testng.reporters.JUnitReportReporter -->
<testsuite skipped="0" hostname="PG014UCR" name="getRequest.GetData" tests="2" failures="0" timestamp="04 Jul 2018 14:05:58 GMT" time="4.853" errors="0">
  <testcase name="testResponseBody" time="3.063" classname="getRequest.GetData"/>
  <testcase name="testResponseCode" time="1.790" classname="getRequest.GetData"/>
</testsuite> <!-- getRequest.GetData -->
