<?xml version="1.0" encoding="UTF-8"?>
<!-- Generated by org.testng.reporters.JUnitReportReporter -->
<testsuite skipped="0" hostname="PG014UCR" name="getRequestValidationLatest.TC_001_All_EndPoint_URI_Validation" tests="3" failures="0" timestamp="10 Aug 2018 11:59:05 GMT" time="109.764" errors="0">
  <testcase name="TC_01_TestAllURIs" time="36.162" classname="getRequestValidationLatest.TC_001_All_EndPoint_URI_Validation"/>
  <testcase name="TC_01_TestAllURIs" time="59.372" classname="getRequestValidationLatest.TC_001_All_EndPoint_URI_Validation"/>
  <testcase name="TC_01_TestAllURIs" time="14.230" classname="getRequestValidationLatest.TC_001_All_EndPoint_URI_Validation"/>
</testsuite> <!-- getRequestValidationLatest.TC_001_All_EndPoint_URI_Validation -->
