<?xml version="1.0" encoding="UTF-8"?>
<!-- Generated by org.testng.reporters.JUnitReportReporter -->
<testsuite skipped="0" hostname="PG014UCR" name="getRequestValidation.TC_04_ReadResponseWithDiffWays" tests="1" failures="0" timestamp="07 Jul 2018 13:59:24 GMT" time="2.828" errors="0">
  <testcase name="testExtractResponse" time="2.828" classname="getRequestValidation.TC_04_ReadResponseWithDiffWays"/>
</testsuite> <!-- getRequestValidation.TC_04_ReadResponseWithDiffWays -->
