<?xml version="1.0" encoding="UTF-8"?>
<!-- Generated by org.testng.reporters.JUnitReportReporter -->
<testsuite skipped="0" hostname="PG014UCR" name="getRequestValidationLatest.TC_02_Test" tests="1" failures="0" timestamp="05 Aug 2018 13:17:03 GMT" time="4.007" errors="0">
  <testcase name="testWeatherAPI" time="4.007" classname="getRequestValidationLatest.TC_02_Test"/>
</testsuite> <!-- getRequestValidationLatest.TC_02_Test -->
