<?xml version="1.0" encoding="UTF-8"?>
<!-- Generated by org.testng.reporters.JUnitReportReporter -->
<testsuite skipped="0" hostname="PG014UCR" name="getRequestValidationLatest.TC_02_Test_Weather_API" tests="1" failures="0" timestamp="08 Aug 2018 14:37:10 GMT" time="0.527" errors="0">
  <testcase name="testWeatherAPI" time="0.527" classname="getRequestValidationLatest.TC_02_Test_Weather_API"/>
</testsuite> <!-- getRequestValidationLatest.TC_02_Test_Weather_API -->
