<?xml version="1.0" encoding="UTF-8"?>
<!-- Generated by org.testng.reporters.JUnitReportReporter -->
<testsuite skipped="0" hostname="PG014UCR" name="getRequestValidation.GetData" tests="2" failures="0" timestamp="15 Jul 2018 06:51:55 GMT" time="3.415" errors="0">
  <testcase name="testResponseCode" time="0.847" classname="getRequestValidation.GetData"/>
  <testcase name="testResponseBody" time="2.568" classname="getRequestValidation.GetData"/>
</testsuite> <!-- getRequestValidation.GetData -->
