<?xml version="1.0" encoding="UTF-8"?>
<!-- Generated by org.testng.reporters.JUnitReportReporter -->
<testsuite skipped="0" hostname="PG014UCR" name="getRequestValidation.TC_007_Test_GroovyFeatures" tests="1" failures="0" timestamp="11 Jul 2018 09:48:33 GMT" time="107.512" errors="0">
  <testcase name="testGetResponseAsList" time="107.512" classname="getRequestValidation.TC_007_Test_GroovyFeatures"/>
</testsuite> <!-- getRequestValidation.TC_007_Test_GroovyFeatures -->
