<?xml version="1.0" encoding="UTF-8"?>
<!-- Generated by org.testng.reporters.JUnitReportReporter -->
<testsuite skipped="0" hostname="PG014UCR" name="getRequestValidation.TC_009_Test_Connect_Get" tests="1" failures="0" timestamp="10 Jul 2018 15:07:04 GMT" time="3.289" errors="0">
  <testcase name="testConnectRequest" time="3.289" classname="getRequestValidation.TC_009_Test_Connect_Get"/>
</testsuite> <!-- getRequestValidation.TC_009_Test_Connect_Get -->
