<?xml version="1.0" encoding="UTF-8"?>
<!-- Generated by org.testng.reporters.JUnitReportReporter -->
<testsuite skipped="0" hostname="PG014UCR" name="getRequestValidation.TC_009_Test_Connect_Get_And_Query_Parameters" tests="2" failures="0" timestamp="13 Jul 2018 11:13:28 GMT" time="4.924" errors="0">
  <testcase name="testSetMultiValParameters" time="3.456" classname="getRequestValidation.TC_009_Test_Connect_Get_And_Query_Parameters"/>
  <testcase name="testpostQueryParameters" time="1.468" classname="getRequestValidation.TC_009_Test_Connect_Get_And_Query_Parameters"/>
</testsuite> <!-- getRequestValidation.TC_009_Test_Connect_Get_And_Query_Parameters -->
