<?xml version="1.0" encoding="UTF-8"?>
<!-- Generated by org.testng.reporters.JUnitReportReporter -->
<testsuite skipped="0" hostname="PG014UCR" name="getRequestValidation.TC_007_JsonPath" tests="1" failures="0" timestamp="09 Jul 2018 12:05:34 GMT" time="3.415" errors="0">
  <testcase name="testJsonWithPath" time="3.415" classname="getRequestValidation.TC_007_JsonPath"/>
</testsuite> <!-- getRequestValidation.TC_007_JsonPath -->
