<?xml version="1.0" encoding="UTF-8"?>
<!-- Generated by org.testng.reporters.JUnitReportReporter -->
<testsuite skipped="0" hostname="PG014UCR" name="getRequestValidation.Test3_PostRequest" tests="1" failures="0" timestamp="06 Jul 2018 12:48:03 GMT" time="4.629" errors="0">
  <testcase name="testPostRequest" time="4.629" classname="getRequestValidation.Test3_PostRequest"/>
</testsuite> <!-- getRequestValidation.Test3_PostRequest -->
